0 info it worked if it ends with ok
1 verbose cli [ '/Users/David/.nvm/versions/node/v6.2.2/bin/node',
1 verbose cli   '/Users/David/.nvm/versions/node/v6.2.2/bin/npm',
1 verbose cli   'start' ]
2 info using npm@3.9.5
3 info using node@v6.2.2
4 verbose run-script [ 'prestart', 'start', 'poststart' ]
5 info lifecycle coffeebucks@0.0.0~prestart: coffeebucks@0.0.0
6 silly lifecycle coffeebucks@0.0.0~prestart: no script for prestart, continuing
7 info lifecycle coffeebucks@0.0.0~start: coffeebucks@0.0.0
8 verbose lifecycle coffeebucks@0.0.0~start: unsafe-perm in lifecycle true
9 verbose lifecycle coffeebucks@0.0.0~start: PATH: /Users/David/.nvm/versions/node/v6.2.2/lib/node_modules/npm/bin/node-gyp-bin:/Users/David/Documents/final/coffeebucks/coffeebucks/node_modules/.bin:/Users/David/.nvm/versions/node/v6.2.2/bin:/Library/Frameworks/Python.framework/Versions/3.5/bin:/usr/local/php5/bin:/Users/David/.nvm/versions/node/v6.2.2/bin:/usr/local/bin:/usr/bin:/bin:/usr/sbin:/sbin:/Users/David/.composer/vendor/bin
10 verbose lifecycle coffeebucks@0.0.0~start: CWD: /Users/David/Documents/final/coffeebucks/coffeebucks
11 silly lifecycle coffeebucks@0.0.0~start: Args: [ '-c', 'node ./bin/www' ]
12 silly lifecycle coffeebucks@0.0.0~start: Returned: code: 1  signal: null
13 info lifecycle coffeebucks@0.0.0~start: Failed to exec start script
14 verbose stack Error: coffeebucks@0.0.0 start: `node ./bin/www`
14 verbose stack Exit status 1
14 verbose stack     at EventEmitter.<anonymous> (/Users/David/.nvm/versions/node/v6.2.2/lib/node_modules/npm/lib/utils/lifecycle.js:245:16)
14 verbose stack     at emitTwo (events.js:106:13)
14 verbose stack     at EventEmitter.emit (events.js:191:7)
14 verbose stack     at ChildProcess.<anonymous> (/Users/David/.nvm/versions/node/v6.2.2/lib/node_modules/npm/lib/utils/spawn.js:24:14)
14 verbose stack     at emitTwo (events.js:106:13)
14 verbose stack     at ChildProcess.emit (events.js:191:7)
14 verbose stack     at maybeClose (internal/child_process.js:852:16)
14 verbose stack     at Process.ChildProcess._handle.onexit (internal/child_process.js:215:5)
15 verbose pkgid coffeebucks@0.0.0
16 verbose cwd /Users/David/Documents/final/coffeebucks/coffeebucks/seed
17 error Darwin 15.6.0
18 error argv "/Users/David/.nvm/versions/node/v6.2.2/bin/node" "/Users/David/.nvm/versions/node/v6.2.2/bin/npm" "start"
19 error node v6.2.2
20 error npm  v3.9.5
21 error code ELIFECYCLE
22 error coffeebucks@0.0.0 start: `node ./bin/www`
22 error Exit status 1
23 error Failed at the coffeebucks@0.0.0 start script 'node ./bin/www'.
23 error Make sure you have the latest version of node.js and npm installed.
23 error If you do, this is most likely a problem with the coffeebucks package,
23 error not with npm itself.
23 error Tell the author that this fails on your system:
23 error     node ./bin/www
23 error You can get information on how to open an issue for this project with:
23 error     npm bugs coffeebucks
23 error Or if that isn't available, you can get their info via:
23 error     npm owner ls coffeebucks
23 error There is likely additional logging output above.
24 verbose exit [ 1, true ]
